<?xml version="1.0" encoding="UTF-8"?>
<!-- Generated by org.testng.reporters.JUnitReportReporter -->
<testsuite hostname="Ruhin" failures="0" tests="1" name="com.bjit.testCases.TC_SignUpTest_001" time="87.250" errors="0" timestamp="09 Mar 2020 08:59:32 GMT" skipped="0">
  <testcase classname="com.bjit.testCases.TC_SignUpTest_001" name="signUpTest" time="87.250"/>
</testsuite> <!-- com.bjit.testCases.TC_SignUpTest_001 -->
